[debug] [2025-03-28T12:40:54.476Z] ----------------------------------------------------------------------
[debug] [2025-03-28T12:40:54.482Z] Command:       /usr/local/bin/firebase /Users/oil/.cache/firebase/tools/lib/node_modules/firebase-tools/lib/bin/firebase --project forhumanhigh
[debug] [2025-03-28T12:40:54.483Z] CLI Version:   14.0.0
[debug] [2025-03-28T12:40:54.483Z] Platform:      darwin
[debug] [2025-03-28T12:40:54.483Z] Node Version:  v20.18.2
[debug] [2025-03-28T12:40:54.484Z] Time:          Fri Mar 28 2025 19:40:54 GMT+0700 (Indochina Time)
[debug] [2025-03-28T12:40:54.484Z] ----------------------------------------------------------------------
[debug] 
[debug] [2025-03-28T12:40:54.491Z] TypeError: Cannot read properties of undefined (reading '0')
    at Command.<anonymous> (/Users/oil/.cache/firebase/tools/lib/node_modules/firebase-tools/lib/index.js:58:21)
    at Command.listener [as _actionHandler] (/Users/oil/.cache/firebase/tools/lib/node_modules/commander/index.js:413:31)
    at Command._parseCommand (/Users/oil/.cache/firebase/tools/lib/node_modules/commander/index.js:914:14)
    at Command.parse (/Users/oil/.cache/firebase/tools/lib/node_modules/commander/index.js:717:10)
    at Object.<anonymous> (/Users/oil/.cache/firebase/tools/lib/node_modules/firebase-tools/lib/bin/firebase.js:133:26)
    at Module._compile (node:internal/modules/cjs/loader:1469:14)
    at Module._compile (pkg/prelude/bootstrap.js:1898:32)
    at Module._extensions..js (node:internal/modules/cjs/loader:1548:10)
    at Module.load (node:internal/modules/cjs/loader:1288:32)
    at Module._load (node:internal/modules/cjs/loader:1104:12)
[error] 
[error] Error: An unexpected error has occurred.
